{"/Users/regina/Desktop/dev/frontend-project-46/src/compare.js": {"path":"/Users/regina/Desktop/dev/frontend-project-46/src/compare.js","all":false,"statementMap":{"0":{"start":{"line":1,"column":0},"end":{"line":1,"column":23}},"1":{"start":{"line":2,"column":0},"end":{"line":2,"column":0}},"2":{"start":{"line":3,"column":0},"end":{"line":3,"column":33}},"3":{"start":{"line":4,"column":0},"end":{"line":4,"column":71}},"4":{"start":{"line":5,"column":0},"end":{"line":5,"column":35}},"5":{"start":{"line":6,"column":0},"end":{"line":6,"column":32}},"6":{"start":{"line":7,"column":0},"end":{"line":7,"column":61}},"7":{"start":{"line":8,"column":0},"end":{"line":8,"column":9}},"8":{"start":{"line":9,"column":0},"end":{"line":9,"column":32}},"9":{"start":{"line":10,"column":0},"end":{"line":10,"column":63}},"10":{"start":{"line":11,"column":0},"end":{"line":11,"column":9}},"11":{"start":{"line":12,"column":0},"end":{"line":12,"column":8}},"12":{"start":{"line":13,"column":0},"end":{"line":13,"column":61}},"13":{"start":{"line":14,"column":0},"end":{"line":14,"column":59}},"14":{"start":{"line":15,"column":0},"end":{"line":15,"column":54}},"15":{"start":{"line":16,"column":0},"end":{"line":16,"column":9}},"16":{"start":{"line":17,"column":0},"end":{"line":17,"column":8}},"17":{"start":{"line":18,"column":0},"end":{"line":18,"column":38}},"18":{"start":{"line":19,"column":0},"end":{"line":19,"column":65}},"19":{"start":{"line":20,"column":0},"end":{"line":20,"column":9}},"20":{"start":{"line":21,"column":0},"end":{"line":21,"column":8}},"21":{"start":{"line":22,"column":0},"end":{"line":22,"column":16}},"22":{"start":{"line":23,"column":0},"end":{"line":23,"column":12}},"23":{"start":{"line":24,"column":0},"end":{"line":24,"column":25}},"24":{"start":{"line":25,"column":0},"end":{"line":25,"column":28}},"25":{"start":{"line":26,"column":0},"end":{"line":26,"column":28}},"26":{"start":{"line":27,"column":0},"end":{"line":27,"column":14}},"27":{"start":{"line":28,"column":0},"end":{"line":28,"column":11}},"28":{"start":{"line":29,"column":0},"end":{"line":29,"column":15}},"29":{"start":{"line":30,"column":0},"end":{"line":30,"column":6}},"30":{"start":{"line":31,"column":0},"end":{"line":31,"column":0}},"31":{"start":{"line":32,"column":0},"end":{"line":32,"column":0}},"32":{"start":{"line":33,"column":0},"end":{"line":33,"column":23}}},"s":{"0":1,"1":1,"2":1,"3":20,"4":20,"5":72,"6":20,"7":20,"8":72,"9":8,"10":8,"11":44,"12":72,"13":16,"14":16,"15":16,"16":28,"17":72,"18":12,"19":12,"20":16,"21":16,"22":16,"23":16,"24":16,"25":16,"26":16,"27":20,"28":20,"29":20,"30":1,"31":1,"32":1},"branchMap":{"0":{"type":"branch","line":3,"loc":{"start":{"line":3,"column":16},"end":{"line":30,"column":6}},"locations":[{"start":{"line":3,"column":16},"end":{"line":30,"column":6}}]},"1":{"type":"branch","line":5,"loc":{"start":{"line":5,"column":26},"end":{"line":28,"column":9}},"locations":[{"start":{"line":5,"column":26},"end":{"line":28,"column":9}}]},"2":{"type":"branch","line":6,"loc":{"start":{"line":6,"column":31},"end":{"line":8,"column":9}},"locations":[{"start":{"line":6,"column":31},"end":{"line":8,"column":9}}]},"3":{"type":"branch","line":8,"loc":{"start":{"line":8,"column":8},"end":{"line":9,"column":31}},"locations":[{"start":{"line":8,"column":8},"end":{"line":9,"column":31}}]},"4":{"type":"branch","line":9,"loc":{"start":{"line":9,"column":31},"end":{"line":11,"column":9}},"locations":[{"start":{"line":9,"column":31},"end":{"line":11,"column":9}}]},"5":{"type":"branch","line":11,"loc":{"start":{"line":11,"column":8},"end":{"line":13,"column":37}},"locations":[{"start":{"line":11,"column":8},"end":{"line":13,"column":37}}]},"6":{"type":"branch","line":13,"loc":{"start":{"line":13,"column":33},"end":{"line":13,"column":58}},"locations":[{"start":{"line":13,"column":33},"end":{"line":13,"column":58}}]},"7":{"type":"branch","line":13,"loc":{"start":{"line":13,"column":60},"end":{"line":16,"column":9}},"locations":[{"start":{"line":13,"column":60},"end":{"line":16,"column":9}}]},"8":{"type":"branch","line":16,"loc":{"start":{"line":16,"column":8},"end":{"line":18,"column":37}},"locations":[{"start":{"line":16,"column":8},"end":{"line":18,"column":37}}]},"9":{"type":"branch","line":18,"loc":{"start":{"line":18,"column":37},"end":{"line":20,"column":9}},"locations":[{"start":{"line":18,"column":37},"end":{"line":20,"column":9}}]},"10":{"type":"branch","line":20,"loc":{"start":{"line":20,"column":8},"end":{"line":28,"column":9}},"locations":[{"start":{"line":20,"column":8},"end":{"line":28,"column":9}}]}},"b":{"0":[20],"1":[72],"2":[20],"3":[52],"4":[8],"5":[44],"6":[20],"7":[16],"8":[28],"9":[12],"10":[16]},"fnMap":{"0":{"name":"getDiff","decl":{"start":{"line":3,"column":16},"end":{"line":30,"column":6}},"loc":{"start":{"line":3,"column":16},"end":{"line":30,"column":6}},"line":3}},"f":{"0":20}}
,"/Users/regina/Desktop/dev/frontend-project-46/src/index.js": {"path":"/Users/regina/Desktop/dev/frontend-project-46/src/index.js","all":false,"statementMap":{"0":{"start":{"line":1,"column":0},"end":{"line":1,"column":39}},"1":{"start":{"line":2,"column":0},"end":{"line":2,"column":35}},"2":{"start":{"line":3,"column":0},"end":{"line":3,"column":29}},"3":{"start":{"line":4,"column":0},"end":{"line":4,"column":34}},"4":{"start":{"line":5,"column":0},"end":{"line":5,"column":35}},"5":{"start":{"line":6,"column":0},"end":{"line":6,"column":43}},"6":{"start":{"line":7,"column":0},"end":{"line":7,"column":0}},"7":{"start":{"line":8,"column":0},"end":{"line":8,"column":67}},"8":{"start":{"line":9,"column":0},"end":{"line":9,"column":45}},"9":{"start":{"line":10,"column":0},"end":{"line":10,"column":45}},"10":{"start":{"line":11,"column":0},"end":{"line":11,"column":0}},"11":{"start":{"line":12,"column":0},"end":{"line":12,"column":49}},"12":{"start":{"line":13,"column":0},"end":{"line":13,"column":49}},"13":{"start":{"line":14,"column":0},"end":{"line":14,"column":0}},"14":{"start":{"line":15,"column":0},"end":{"line":15,"column":59}},"15":{"start":{"line":16,"column":0},"end":{"line":16,"column":60}},"16":{"start":{"line":17,"column":0},"end":{"line":17,"column":0}},"17":{"start":{"line":18,"column":0},"end":{"line":18,"column":46}},"18":{"start":{"line":19,"column":0},"end":{"line":19,"column":47}},"19":{"start":{"line":20,"column":0},"end":{"line":20,"column":0}},"20":{"start":{"line":21,"column":0},"end":{"line":21,"column":41}},"21":{"start":{"line":22,"column":0},"end":{"line":22,"column":47}},"22":{"start":{"line":23,"column":0},"end":{"line":23,"column":34}},"23":{"start":{"line":24,"column":0},"end":{"line":24,"column":16}},"24":{"start":{"line":25,"column":0},"end":{"line":25,"column":2}},"25":{"start":{"line":26,"column":0},"end":{"line":26,"column":0}},"26":{"start":{"line":27,"column":0},"end":{"line":27,"column":23}}},"s":{"0":1,"1":1,"2":1,"3":1,"4":1,"5":1,"6":1,"7":1,"8":4,"9":4,"10":4,"11":4,"12":4,"13":4,"14":4,"15":4,"16":4,"17":4,"18":4,"19":4,"20":4,"21":4,"22":4,"23":4,"24":4,"25":1,"26":1},"branchMap":{"0":{"type":"branch","line":8,"loc":{"start":{"line":8,"column":16},"end":{"line":25,"column":2}},"locations":[{"start":{"line":8,"column":16},"end":{"line":25,"column":2}}]}},"b":{"0":[4]},"fnMap":{"0":{"name":"gendiff","decl":{"start":{"line":8,"column":16},"end":{"line":25,"column":2}},"loc":{"start":{"line":8,"column":16},"end":{"line":25,"column":2}},"line":8}},"f":{"0":4}}
,"/Users/regina/Desktop/dev/frontend-project-46/src/parsers.js": {"path":"/Users/regina/Desktop/dev/frontend-project-46/src/parsers.js","all":false,"statementMap":{"0":{"start":{"line":1,"column":0},"end":{"line":1,"column":27}},"1":{"start":{"line":2,"column":0},"end":{"line":2,"column":0}},"2":{"start":{"line":3,"column":0},"end":{"line":3,"column":34}},"3":{"start":{"line":4,"column":0},"end":{"line":4,"column":21}},"4":{"start":{"line":5,"column":0},"end":{"line":5,"column":21}},"5":{"start":{"line":6,"column":0},"end":{"line":6,"column":35}},"6":{"start":{"line":7,"column":0},"end":{"line":7,"column":19}},"7":{"start":{"line":8,"column":0},"end":{"line":8,"column":34}},"8":{"start":{"line":9,"column":0},"end":{"line":9,"column":19}},"9":{"start":{"line":10,"column":0},"end":{"line":10,"column":34}},"10":{"start":{"line":11,"column":0},"end":{"line":11,"column":16}},"11":{"start":{"line":12,"column":0},"end":{"line":12,"column":59}},"12":{"start":{"line":13,"column":0},"end":{"line":13,"column":6}},"13":{"start":{"line":14,"column":0},"end":{"line":14,"column":1}},"14":{"start":{"line":15,"column":0},"end":{"line":15,"column":0}},"15":{"start":{"line":16,"column":0},"end":{"line":16,"column":22}}},"s":{"0":1,"1":1,"2":1,"3":9,"4":9,"5":4,"6":9,"7":0,"8":9,"9":4,"10":9,"11":1,"12":9,"13":9,"14":1,"15":1},"branchMap":{"0":{"type":"branch","line":3,"loc":{"start":{"line":3,"column":15},"end":{"line":14,"column":1}},"locations":[{"start":{"line":3,"column":15},"end":{"line":14,"column":1}}]},"1":{"type":"branch","line":5,"loc":{"start":{"line":5,"column":8},"end":{"line":6,"column":35}},"locations":[{"start":{"line":5,"column":8},"end":{"line":6,"column":35}}]},"2":{"type":"branch","line":7,"loc":{"start":{"line":7,"column":8},"end":{"line":8,"column":34}},"locations":[{"start":{"line":7,"column":8},"end":{"line":8,"column":34}}]},"3":{"type":"branch","line":9,"loc":{"start":{"line":9,"column":8},"end":{"line":10,"column":34}},"locations":[{"start":{"line":9,"column":8},"end":{"line":10,"column":34}}]},"4":{"type":"branch","line":11,"loc":{"start":{"line":11,"column":8},"end":{"line":12,"column":59}},"locations":[{"start":{"line":11,"column":8},"end":{"line":12,"column":59}}]}},"b":{"0":[9],"1":[4],"2":[0],"3":[4],"4":[1]},"fnMap":{"0":{"name":"parser","decl":{"start":{"line":3,"column":15},"end":{"line":14,"column":1}},"loc":{"start":{"line":3,"column":15},"end":{"line":14,"column":1}},"line":3}},"f":{"0":9}}
,"/Users/regina/Desktop/dev/frontend-project-46/src/formatters/index.js": {"path":"/Users/regina/Desktop/dev/frontend-project-46/src/formatters/index.js","all":false,"statementMap":{"0":{"start":{"line":1,"column":0},"end":{"line":1,"column":35}},"1":{"start":{"line":2,"column":0},"end":{"line":2,"column":30}},"2":{"start":{"line":3,"column":0},"end":{"line":3,"column":0}},"3":{"start":{"line":4,"column":0},"end":{"line":4,"column":0}},"4":{"start":{"line":5,"column":0},"end":{"line":5,"column":44}},"5":{"start":{"line":6,"column":0},"end":{"line":6,"column":26}},"6":{"start":{"line":7,"column":0},"end":{"line":7,"column":23}},"7":{"start":{"line":8,"column":0},"end":{"line":8,"column":34}},"8":{"start":{"line":9,"column":0},"end":{"line":9,"column":21}},"9":{"start":{"line":10,"column":0},"end":{"line":10,"column":32}},"10":{"start":{"line":11,"column":0},"end":{"line":11,"column":20}},"11":{"start":{"line":12,"column":0},"end":{"line":12,"column":41}},"12":{"start":{"line":13,"column":0},"end":{"line":13,"column":16}},"13":{"start":{"line":14,"column":0},"end":{"line":14,"column":64}},"14":{"start":{"line":15,"column":0},"end":{"line":15,"column":5}},"15":{"start":{"line":16,"column":0},"end":{"line":16,"column":1}},"16":{"start":{"line":17,"column":0},"end":{"line":17,"column":0}},"17":{"start":{"line":18,"column":0},"end":{"line":18,"column":25}}},"s":{"0":1,"1":1,"2":1,"3":1,"4":1,"5":5,"6":5,"7":2,"8":5,"9":2,"10":5,"11":0,"12":5,"13":1,"14":5,"15":5,"16":1,"17":1},"branchMap":{"0":{"type":"branch","line":5,"loc":{"start":{"line":5,"column":18},"end":{"line":16,"column":1}},"locations":[{"start":{"line":5,"column":18},"end":{"line":16,"column":1}}]},"1":{"type":"branch","line":7,"loc":{"start":{"line":7,"column":8},"end":{"line":8,"column":34}},"locations":[{"start":{"line":7,"column":8},"end":{"line":8,"column":34}}]},"2":{"type":"branch","line":9,"loc":{"start":{"line":9,"column":8},"end":{"line":10,"column":32}},"locations":[{"start":{"line":9,"column":8},"end":{"line":10,"column":32}}]},"3":{"type":"branch","line":11,"loc":{"start":{"line":11,"column":8},"end":{"line":12,"column":41}},"locations":[{"start":{"line":11,"column":8},"end":{"line":12,"column":41}}]},"4":{"type":"branch","line":13,"loc":{"start":{"line":13,"column":8},"end":{"line":14,"column":64}},"locations":[{"start":{"line":13,"column":8},"end":{"line":14,"column":64}}]}},"b":{"0":[5],"1":[2],"2":[2],"3":[0],"4":[1]},"fnMap":{"0":{"name":"formatter","decl":{"start":{"line":5,"column":18},"end":{"line":16,"column":1}},"loc":{"start":{"line":5,"column":18},"end":{"line":16,"column":1}},"line":5}},"f":{"0":5}}
,"/Users/regina/Desktop/dev/frontend-project-46/src/formatters/plain.js": {"path":"/Users/regina/Desktop/dev/frontend-project-46/src/formatters/plain.js","all":false,"statementMap":{"0":{"start":{"line":1,"column":0},"end":{"line":1,"column":23}},"1":{"start":{"line":2,"column":0},"end":{"line":2,"column":0}},"2":{"start":{"line":3,"column":0},"end":{"line":3,"column":33}},"3":{"start":{"line":4,"column":0},"end":{"line":4,"column":51}},"4":{"start":{"line":5,"column":0},"end":{"line":5,"column":46}},"5":{"start":{"line":6,"column":0},"end":{"line":6,"column":0}},"6":{"start":{"line":7,"column":0},"end":{"line":7,"column":17}},"7":{"start":{"line":8,"column":0},"end":{"line":8,"column":1}},"8":{"start":{"line":9,"column":0},"end":{"line":9,"column":0}},"9":{"start":{"line":10,"column":0},"end":{"line":10,"column":45}},"10":{"start":{"line":11,"column":0},"end":{"line":11,"column":40}},"11":{"start":{"line":12,"column":0},"end":{"line":12,"column":38}},"12":{"start":{"line":13,"column":0},"end":{"line":13,"column":39}},"13":{"start":{"line":14,"column":0},"end":{"line":14,"column":0}},"14":{"start":{"line":15,"column":0},"end":{"line":15,"column":19}},"15":{"start":{"line":16,"column":0},"end":{"line":16,"column":22}},"16":{"start":{"line":17,"column":0},"end":{"line":17,"column":74}},"17":{"start":{"line":18,"column":0},"end":{"line":18,"column":24}},"18":{"start":{"line":19,"column":0},"end":{"line":19,"column":52}},"19":{"start":{"line":20,"column":0},"end":{"line":20,"column":24}},"20":{"start":{"line":21,"column":0},"end":{"line":21,"column":85}},"21":{"start":{"line":22,"column":0},"end":{"line":22,"column":5}},"22":{"start":{"line":23,"column":0},"end":{"line":23,"column":1}},"23":{"start":{"line":24,"column":0},"end":{"line":24,"column":0}},"24":{"start":{"line":25,"column":0},"end":{"line":25,"column":47}},"25":{"start":{"line":26,"column":0},"end":{"line":26,"column":33}},"26":{"start":{"line":27,"column":0},"end":{"line":27,"column":0}},"27":{"start":{"line":28,"column":0},"end":{"line":28,"column":42}},"28":{"start":{"line":29,"column":0},"end":{"line":29,"column":1}},"29":{"start":{"line":30,"column":0},"end":{"line":30,"column":0}},"30":{"start":{"line":31,"column":0},"end":{"line":31,"column":27}},"31":{"start":{"line":32,"column":0},"end":{"line":32,"column":40}},"32":{"start":{"line":33,"column":0},"end":{"line":33,"column":44}},"33":{"start":{"line":34,"column":0},"end":{"line":34,"column":99}},"34":{"start":{"line":35,"column":0},"end":{"line":35,"column":0}},"35":{"start":{"line":36,"column":0},"end":{"line":36,"column":81}},"36":{"start":{"line":37,"column":0},"end":{"line":37,"column":0}},"37":{"start":{"line":38,"column":0},"end":{"line":38,"column":127}},"38":{"start":{"line":39,"column":0},"end":{"line":39,"column":41}},"39":{"start":{"line":40,"column":0},"end":{"line":40,"column":5}},"40":{"start":{"line":41,"column":0},"end":{"line":41,"column":0}},"41":{"start":{"line":42,"column":0},"end":{"line":42,"column":99}},"42":{"start":{"line":43,"column":0},"end":{"line":43,"column":34}},"43":{"start":{"line":44,"column":0},"end":{"line":44,"column":1}},"44":{"start":{"line":45,"column":0},"end":{"line":45,"column":0}},"45":{"start":{"line":46,"column":0},"end":{"line":46,"column":21}}},"s":{"0":1,"1":1,"2":1,"3":44,"4":44,"5":22,"6":22,"7":22,"8":1,"9":1,"10":22,"11":22,"12":22,"13":22,"14":22,"15":22,"16":10,"17":22,"18":4,"19":22,"20":8,"21":22,"22":22,"23":1,"24":1,"25":22,"26":22,"27":22,"28":22,"29":1,"30":1,"31":2,"32":30,"33":30,"34":30,"35":30,"36":8,"37":8,"38":8,"39":8,"40":2,"41":2,"42":2,"43":2,"44":1,"45":1},"branchMap":{"0":{"type":"branch","line":3,"loc":{"start":{"line":3,"column":22},"end":{"line":8,"column":1}},"locations":[{"start":{"line":3,"column":22},"end":{"line":8,"column":1}}]},"1":{"type":"branch","line":4,"loc":{"start":{"line":4,"column":26},"end":{"line":4,"column":51}},"locations":[{"start":{"line":4,"column":26},"end":{"line":4,"column":51}}]},"2":{"type":"branch","line":4,"loc":{"start":{"line":4,"column":50},"end":{"line":5,"column":26}},"locations":[{"start":{"line":4,"column":50},"end":{"line":5,"column":26}}]},"3":{"type":"branch","line":5,"loc":{"start":{"line":5,"column":26},"end":{"line":5,"column":46}},"locations":[{"start":{"line":5,"column":26},"end":{"line":5,"column":46}}]},"4":{"type":"branch","line":5,"loc":{"start":{"line":5,"column":45},"end":{"line":8,"column":1}},"locations":[{"start":{"line":5,"column":45},"end":{"line":8,"column":1}}]},"5":{"type":"branch","line":10,"loc":{"start":{"line":10,"column":19},"end":{"line":23,"column":1}},"locations":[{"start":{"line":10,"column":19},"end":{"line":23,"column":1}}]},"6":{"type":"branch","line":16,"loc":{"start":{"line":16,"column":8},"end":{"line":17,"column":74}},"locations":[{"start":{"line":16,"column":8},"end":{"line":17,"column":74}}]},"7":{"type":"branch","line":18,"loc":{"start":{"line":18,"column":8},"end":{"line":19,"column":52}},"locations":[{"start":{"line":18,"column":8},"end":{"line":19,"column":52}}]},"8":{"type":"branch","line":20,"loc":{"start":{"line":20,"column":8},"end":{"line":21,"column":85}},"locations":[{"start":{"line":20,"column":8},"end":{"line":21,"column":85}}]},"9":{"type":"branch","line":25,"loc":{"start":{"line":25,"column":20},"end":{"line":29,"column":1}},"locations":[{"start":{"line":25,"column":20},"end":{"line":29,"column":1}}]},"10":{"type":"branch","line":31,"loc":{"start":{"line":31,"column":15},"end":{"line":44,"column":1}},"locations":[{"start":{"line":31,"column":15},"end":{"line":44,"column":1}}]},"11":{"type":"branch","line":32,"loc":{"start":{"line":32,"column":17},"end":{"line":40,"column":5}},"locations":[{"start":{"line":32,"column":17},"end":{"line":40,"column":5}}]},"12":{"type":"branch","line":34,"loc":{"start":{"line":34,"column":47},"end":{"line":34,"column":82}},"locations":[{"start":{"line":34,"column":47},"end":{"line":34,"column":82}}]},"13":{"type":"branch","line":34,"loc":{"start":{"line":34,"column":82},"end":{"line":34,"column":99}},"locations":[{"start":{"line":34,"column":82},"end":{"line":34,"column":99}}]},"14":{"type":"branch","line":36,"loc":{"start":{"line":36,"column":36},"end":{"line":36,"column":81}},"locations":[{"start":{"line":36,"column":36},"end":{"line":36,"column":81}}]},"15":{"type":"branch","line":36,"loc":{"start":{"line":36,"column":80},"end":{"line":40,"column":5}},"locations":[{"start":{"line":36,"column":80},"end":{"line":40,"column":5}}]},"16":{"type":"branch","line":38,"loc":{"start":{"line":38,"column":47},"end":{"line":38,"column":81}},"locations":[{"start":{"line":38,"column":47},"end":{"line":38,"column":81}}]},"17":{"type":"branch","line":38,"loc":{"start":{"line":38,"column":92},"end":{"line":38,"column":125}},"locations":[{"start":{"line":38,"column":92},"end":{"line":38,"column":125}}]},"18":{"type":"branch","line":42,"loc":{"start":{"line":42,"column":34},"end":{"line":42,"column":68}},"locations":[{"start":{"line":42,"column":34},"end":{"line":42,"column":68}}]},"19":{"type":"branch","line":42,"loc":{"start":{"line":42,"column":79},"end":{"line":42,"column":98}},"locations":[{"start":{"line":42,"column":79},"end":{"line":42,"column":98}}]}},"b":{"0":[44],"1":[8],"2":[36],"3":[14],"4":[22],"5":[22],"6":[10],"7":[4],"8":[8],"9":[22],"10":[2],"11":[30],"12":[8],"13":[22],"14":[22],"15":[8],"16":[28],"17":[22],"18":[8],"19":[8]},"fnMap":{"0":{"name":"getVarFormat","decl":{"start":{"line":3,"column":22},"end":{"line":8,"column":1}},"loc":{"start":{"line":3,"column":22},"end":{"line":8,"column":1}},"line":3},"1":{"name":"formatText","decl":{"start":{"line":10,"column":19},"end":{"line":23,"column":1}},"loc":{"start":{"line":10,"column":19},"end":{"line":23,"column":1}},"line":10},"2":{"name":"formatValue","decl":{"start":{"line":25,"column":20},"end":{"line":29,"column":1}},"loc":{"start":{"line":25,"column":20},"end":{"line":29,"column":1}},"line":25},"3":{"name":"plain","decl":{"start":{"line":31,"column":15},"end":{"line":44,"column":1}},"loc":{"start":{"line":31,"column":15},"end":{"line":44,"column":1}},"line":31},"4":{"name":"iter","decl":{"start":{"line":32,"column":17},"end":{"line":40,"column":5}},"loc":{"start":{"line":32,"column":17},"end":{"line":40,"column":5}},"line":32}},"f":{"0":44,"1":22,"2":22,"3":2,"4":30}}
,"/Users/regina/Desktop/dev/frontend-project-46/src/formatters/stylish.js": {"path":"/Users/regina/Desktop/dev/frontend-project-46/src/formatters/stylish.js","all":false,"statementMap":{"0":{"start":{"line":1,"column":0},"end":{"line":1,"column":23}},"1":{"start":{"line":2,"column":0},"end":{"line":2,"column":0}},"2":{"start":{"line":3,"column":0},"end":{"line":3,"column":55}},"3":{"start":{"line":4,"column":0},"end":{"line":4,"column":24}},"4":{"start":{"line":5,"column":0},"end":{"line":5,"column":60}},"5":{"start":{"line":6,"column":0},"end":{"line":6,"column":80}},"6":{"start":{"line":7,"column":0},"end":{"line":7,"column":1}},"7":{"start":{"line":8,"column":0},"end":{"line":8,"column":0}},"8":{"start":{"line":9,"column":0},"end":{"line":9,"column":40}},"9":{"start":{"line":10,"column":0},"end":{"line":10,"column":29}},"10":{"start":{"line":11,"column":0},"end":{"line":11,"column":51}},"11":{"start":{"line":12,"column":0},"end":{"line":12,"column":52}},"12":{"start":{"line":13,"column":0},"end":{"line":13,"column":89}},"13":{"start":{"line":14,"column":0},"end":{"line":14,"column":20}},"14":{"start":{"line":15,"column":0},"end":{"line":15,"column":60}},"15":{"start":{"line":16,"column":0},"end":{"line":16,"column":5}},"16":{"start":{"line":17,"column":0},"end":{"line":17,"column":23}},"17":{"start":{"line":18,"column":0},"end":{"line":18,"column":2}},"18":{"start":{"line":19,"column":0},"end":{"line":19,"column":0}},"19":{"start":{"line":20,"column":0},"end":{"line":20,"column":35}},"20":{"start":{"line":21,"column":0},"end":{"line":21,"column":35}},"21":{"start":{"line":22,"column":0},"end":{"line":22,"column":36}},"22":{"start":{"line":23,"column":0},"end":{"line":23,"column":49}},"23":{"start":{"line":24,"column":0},"end":{"line":24,"column":65}},"24":{"start":{"line":25,"column":0},"end":{"line":25,"column":64}},"25":{"start":{"line":26,"column":0},"end":{"line":26,"column":9}},"26":{"start":{"line":27,"column":0},"end":{"line":27,"column":38}},"27":{"start":{"line":28,"column":0},"end":{"line":28,"column":49}},"28":{"start":{"line":29,"column":0},"end":{"line":29,"column":65}},"29":{"start":{"line":30,"column":0},"end":{"line":30,"column":64}},"30":{"start":{"line":31,"column":0},"end":{"line":31,"column":9}},"31":{"start":{"line":32,"column":0},"end":{"line":32,"column":40}},"32":{"start":{"line":33,"column":0},"end":{"line":33,"column":44}},"33":{"start":{"line":34,"column":0},"end":{"line":34,"column":65}},"34":{"start":{"line":35,"column":0},"end":{"line":35,"column":64}},"35":{"start":{"line":36,"column":0},"end":{"line":36,"column":9}},"36":{"start":{"line":37,"column":0},"end":{"line":37,"column":38}},"37":{"start":{"line":38,"column":0},"end":{"line":38,"column":56}},"38":{"start":{"line":39,"column":0},"end":{"line":39,"column":55}},"39":{"start":{"line":40,"column":0},"end":{"line":40,"column":72}},"40":{"start":{"line":41,"column":0},"end":{"line":41,"column":72}},"41":{"start":{"line":42,"column":0},"end":{"line":42,"column":128}},"42":{"start":{"line":43,"column":0},"end":{"line":43,"column":9}},"43":{"start":{"line":44,"column":0},"end":{"line":44,"column":37}},"44":{"start":{"line":45,"column":0},"end":{"line":45,"column":96}},"45":{"start":{"line":46,"column":0},"end":{"line":46,"column":63}},"46":{"start":{"line":47,"column":0},"end":{"line":47,"column":5}},"47":{"start":{"line":48,"column":0},"end":{"line":48,"column":70}},"48":{"start":{"line":49,"column":0},"end":{"line":49,"column":48}},"49":{"start":{"line":50,"column":0},"end":{"line":50,"column":0}},"50":{"start":{"line":51,"column":0},"end":{"line":51,"column":1}},"51":{"start":{"line":52,"column":0},"end":{"line":52,"column":0}},"52":{"start":{"line":53,"column":0},"end":{"line":53,"column":29}}},"s":{"0":1,"1":1,"2":1,"3":74,"4":74,"5":74,"6":74,"7":1,"8":1,"9":54,"10":14,"11":14,"12":14,"13":14,"14":14,"15":14,"16":40,"17":40,"18":1,"19":1,"20":2,"21":36,"22":10,"23":10,"24":10,"25":10,"26":36,"27":4,"28":4,"29":4,"30":4,"31":36,"32":6,"33":6,"34":6,"35":6,"36":36,"37":8,"38":8,"39":8,"40":8,"41":8,"42":8,"43":8,"44":8,"45":8,"46":8,"47":2,"48":2,"49":2,"50":2,"51":1,"52":1},"branchMap":{"0":{"type":"branch","line":3,"loc":{"start":{"line":3,"column":19},"end":{"line":7,"column":1}},"locations":[{"start":{"line":3,"column":19},"end":{"line":7,"column":1}}]},"1":{"type":"branch","line":6,"loc":{"start":{"line":6,"column":26},"end":{"line":6,"column":41}},"locations":[{"start":{"line":6,"column":26},"end":{"line":6,"column":41}}]},"2":{"type":"branch","line":6,"loc":{"start":{"line":6,"column":41},"end":{"line":6,"column":80}},"locations":[{"start":{"line":6,"column":41},"end":{"line":6,"column":80}}]},"3":{"type":"branch","line":9,"loc":{"start":{"line":9,"column":20},"end":{"line":18,"column":2}},"locations":[{"start":{"line":9,"column":20},"end":{"line":18,"column":2}}]},"4":{"type":"branch","line":10,"loc":{"start":{"line":10,"column":28},"end":{"line":16,"column":5}},"locations":[{"start":{"line":10,"column":28},"end":{"line":16,"column":5}}]},"5":{"type":"branch","line":16,"loc":{"start":{"line":16,"column":4},"end":{"line":18,"column":2}},"locations":[{"start":{"line":16,"column":4},"end":{"line":18,"column":2}}]},"6":{"type":"branch","line":13,"loc":{"start":{"line":13,"column":13},"end":{"line":13,"column":88}},"locations":[{"start":{"line":13,"column":13},"end":{"line":13,"column":88}}]},"7":{"type":"branch","line":20,"loc":{"start":{"line":20,"column":23},"end":{"line":51,"column":1}},"locations":[{"start":{"line":20,"column":23},"end":{"line":51,"column":1}}]},"8":{"type":"branch","line":21,"loc":{"start":{"line":21,"column":17},"end":{"line":47,"column":5}},"locations":[{"start":{"line":21,"column":17},"end":{"line":47,"column":5}}]},"9":{"type":"branch","line":22,"loc":{"start":{"line":22,"column":35},"end":{"line":26,"column":9}},"locations":[{"start":{"line":22,"column":35},"end":{"line":26,"column":9}}]},"10":{"type":"branch","line":26,"loc":{"start":{"line":26,"column":8},"end":{"line":27,"column":37}},"locations":[{"start":{"line":26,"column":8},"end":{"line":27,"column":37}}]},"11":{"type":"branch","line":27,"loc":{"start":{"line":27,"column":37},"end":{"line":31,"column":9}},"locations":[{"start":{"line":27,"column":37},"end":{"line":31,"column":9}}]},"12":{"type":"branch","line":31,"loc":{"start":{"line":31,"column":8},"end":{"line":32,"column":39}},"locations":[{"start":{"line":31,"column":8},"end":{"line":32,"column":39}}]},"13":{"type":"branch","line":32,"loc":{"start":{"line":32,"column":39},"end":{"line":36,"column":9}},"locations":[{"start":{"line":32,"column":39},"end":{"line":36,"column":9}}]},"14":{"type":"branch","line":36,"loc":{"start":{"line":36,"column":8},"end":{"line":37,"column":37}},"locations":[{"start":{"line":36,"column":8},"end":{"line":37,"column":37}}]},"15":{"type":"branch","line":37,"loc":{"start":{"line":37,"column":37},"end":{"line":47,"column":5}},"locations":[{"start":{"line":37,"column":37},"end":{"line":47,"column":5}}]},"16":{"type":"branch","line":45,"loc":{"start":{"line":45,"column":45},"end":{"line":45,"column":83}},"locations":[{"start":{"line":45,"column":45},"end":{"line":45,"column":83}}]},"17":{"type":"branch","line":48,"loc":{"start":{"line":48,"column":36},"end":{"line":48,"column":58}},"locations":[{"start":{"line":48,"column":36},"end":{"line":48,"column":58}}]}},"b":{"0":[74],"1":[44],"2":[30],"3":[54],"4":[14],"5":[40],"6":[18],"7":[2],"8":[36],"9":[10],"10":[26],"11":[4],"12":[22],"13":[6],"14":[16],"15":[8],"16":[28],"17":[8]},"fnMap":{"0":{"name":"makeIndent","decl":{"start":{"line":3,"column":19},"end":{"line":7,"column":1}},"loc":{"start":{"line":3,"column":19},"end":{"line":7,"column":1}},"line":3},"1":{"name":"formatValue","decl":{"start":{"line":9,"column":20},"end":{"line":18,"column":2}},"loc":{"start":{"line":9,"column":20},"end":{"line":18,"column":2}},"line":9},"2":{"name":"renderStylish","decl":{"start":{"line":20,"column":23},"end":{"line":51,"column":1}},"loc":{"start":{"line":20,"column":23},"end":{"line":51,"column":1}},"line":20},"3":{"name":"iter","decl":{"start":{"line":21,"column":17},"end":{"line":47,"column":5}},"loc":{"start":{"line":21,"column":17},"end":{"line":47,"column":5}},"line":21}},"f":{"0":74,"1":54,"2":2,"3":36}}
}
