TN:
SF:src/compare.js
FN:3,getDiff
FNF:1
FNH:1
FNDA:2,getDiff
DA:1,1
DA:2,1
DA:3,1
DA:4,2
DA:5,2
DA:6,10
DA:7,2
DA:8,2
DA:9,10
DA:10,4
DA:11,4
DA:12,10
DA:13,2
DA:14,2
DA:15,2
DA:16,2
DA:17,2
DA:18,2
DA:19,2
DA:20,2
DA:21,1
DA:22,1
DA:23,1
LF:23
LH:23
BRDA:3,0,0,2
BRDA:5,1,0,10
BRDA:6,2,0,2
BRDA:6,3,0,2
BRDA:8,4,0,8
BRDA:9,5,0,4
BRDA:9,6,0,4
BRDA:12,7,0,2
BRF:8
BRH:8
end_of_record
TN:
SF:src/index.js
FN:7,gendiff
FNF:1
FNH:1
FNDA:2,gendiff
DA:1,1
DA:2,1
DA:3,1
DA:4,1
DA:5,1
DA:6,1
DA:7,1
DA:8,2
DA:9,2
DA:10,2
DA:11,2
DA:12,2
DA:13,2
DA:14,2
DA:15,2
DA:16,2
DA:17,2
DA:18,2
DA:19,2
DA:20,2
DA:21,2
DA:22,2
DA:23,1
DA:24,1
LF:24
LH:24
BRDA:7,0,0,2
BRF:1
BRH:1
end_of_record
TN:
SF:src/parsers.js
FN:3,parser
FNF:1
FNH:1
FNDA:5,parser
DA:1,1
DA:2,1
DA:3,1
DA:4,5
DA:5,5
DA:6,2
DA:7,5
DA:8,0
DA:9,5
DA:10,2
DA:11,5
DA:12,1
DA:13,5
DA:14,5
DA:15,1
DA:16,1
LF:16
LH:15
BRDA:3,0,0,5
BRDA:5,1,0,2
BRDA:7,2,0,0
BRDA:9,3,0,2
BRDA:11,4,0,1
BRF:5
BRH:4
end_of_record
