TN:
SF:src/compare.js
FN:3,getDiff
FNF:1
FNH:1
FNDA:20,getDiff
DA:1,1
DA:2,1
DA:3,1
DA:4,20
DA:5,20
DA:6,72
DA:7,20
DA:8,20
DA:9,72
DA:10,8
DA:11,8
DA:12,44
DA:13,72
DA:14,16
DA:15,16
DA:16,16
DA:17,28
DA:18,72
DA:19,12
DA:20,12
DA:21,16
DA:22,16
DA:23,16
DA:24,16
DA:25,16
DA:26,16
DA:27,16
DA:28,20
DA:29,20
DA:30,20
DA:31,1
DA:32,1
DA:33,1
LF:33
LH:33
BRDA:3,0,0,20
BRDA:5,1,0,72
BRDA:6,2,0,20
BRDA:8,3,0,52
BRDA:9,4,0,8
BRDA:11,5,0,44
BRDA:13,6,0,20
BRDA:13,7,0,16
BRDA:16,8,0,28
BRDA:18,9,0,12
BRDA:20,10,0,16
BRF:11
BRH:11
end_of_record
TN:
SF:src/index.js
FN:8,gendiff
FNF:1
FNH:1
FNDA:4,gendiff
DA:1,1
DA:2,1
DA:3,1
DA:4,1
DA:5,1
DA:6,1
DA:7,1
DA:8,1
DA:9,4
DA:10,4
DA:11,4
DA:12,4
DA:13,4
DA:14,4
DA:15,4
DA:16,4
DA:17,4
DA:18,4
DA:19,4
DA:20,4
DA:21,4
DA:22,4
DA:23,4
DA:24,4
DA:25,4
DA:26,1
DA:27,1
LF:27
LH:27
BRDA:8,0,0,4
BRF:1
BRH:1
end_of_record
TN:
SF:src/parsers.js
FN:3,parser
FNF:1
FNH:1
FNDA:9,parser
DA:1,1
DA:2,1
DA:3,1
DA:4,9
DA:5,9
DA:6,4
DA:7,9
DA:8,0
DA:9,9
DA:10,4
DA:11,9
DA:12,1
DA:13,9
DA:14,9
DA:15,1
DA:16,1
LF:16
LH:15
BRDA:3,0,0,9
BRDA:5,1,0,4
BRDA:7,2,0,0
BRDA:9,3,0,4
BRDA:11,4,0,1
BRF:5
BRH:4
end_of_record
TN:
SF:src/formatters/index.js
FN:5,formatter
FNF:1
FNH:1
FNDA:5,formatter
DA:1,1
DA:2,1
DA:3,1
DA:4,1
DA:5,1
DA:6,5
DA:7,5
DA:8,2
DA:9,5
DA:10,2
DA:11,5
DA:12,0
DA:13,5
DA:14,1
DA:15,5
DA:16,5
DA:17,1
DA:18,1
LF:18
LH:17
BRDA:5,0,0,5
BRDA:7,1,0,2
BRDA:9,2,0,2
BRDA:11,3,0,0
BRDA:13,4,0,1
BRF:5
BRH:4
end_of_record
TN:
SF:src/formatters/plain.js
FN:3,getVarFormat
FN:10,formatText
FN:25,formatValue
FN:31,plain
FN:32,iter
FNF:5
FNH:5
FNDA:44,getVarFormat
FNDA:22,formatText
FNDA:22,formatValue
FNDA:2,plain
FNDA:30,iter
DA:1,1
DA:2,1
DA:3,1
DA:4,44
DA:5,44
DA:6,22
DA:7,22
DA:8,22
DA:9,1
DA:10,1
DA:11,22
DA:12,22
DA:13,22
DA:14,22
DA:15,22
DA:16,22
DA:17,10
DA:18,22
DA:19,4
DA:20,22
DA:21,8
DA:22,22
DA:23,22
DA:24,1
DA:25,1
DA:26,22
DA:27,22
DA:28,22
DA:29,22
DA:30,1
DA:31,1
DA:32,2
DA:33,30
DA:34,30
DA:35,30
DA:36,30
DA:37,8
DA:38,8
DA:39,8
DA:40,8
DA:41,2
DA:42,2
DA:43,2
DA:44,2
DA:45,1
DA:46,1
LF:46
LH:46
BRDA:3,0,0,44
BRDA:4,1,0,8
BRDA:4,2,0,36
BRDA:5,3,0,14
BRDA:5,4,0,22
BRDA:10,5,0,22
BRDA:16,6,0,10
BRDA:18,7,0,4
BRDA:20,8,0,8
BRDA:25,9,0,22
BRDA:31,10,0,2
BRDA:32,11,0,30
BRDA:34,12,0,8
BRDA:34,13,0,22
BRDA:36,14,0,22
BRDA:36,15,0,8
BRDA:38,16,0,28
BRDA:38,17,0,22
BRDA:42,18,0,8
BRDA:42,19,0,8
BRF:20
BRH:20
end_of_record
TN:
SF:src/formatters/stylish.js
FN:3,makeIndent
FN:9,formatValue
FN:20,renderStylish
FN:21,iter
FNF:4
FNH:4
FNDA:74,makeIndent
FNDA:54,formatValue
FNDA:2,renderStylish
FNDA:36,iter
DA:1,1
DA:2,1
DA:3,1
DA:4,74
DA:5,74
DA:6,74
DA:7,74
DA:8,1
DA:9,1
DA:10,54
DA:11,14
DA:12,14
DA:13,14
DA:14,14
DA:15,14
DA:16,14
DA:17,40
DA:18,40
DA:19,1
DA:20,1
DA:21,2
DA:22,36
DA:23,10
DA:24,10
DA:25,10
DA:26,10
DA:27,36
DA:28,4
DA:29,4
DA:30,4
DA:31,4
DA:32,36
DA:33,6
DA:34,6
DA:35,6
DA:36,6
DA:37,36
DA:38,8
DA:39,8
DA:40,8
DA:41,8
DA:42,8
DA:43,8
DA:44,8
DA:45,8
DA:46,8
DA:47,8
DA:48,2
DA:49,2
DA:50,2
DA:51,2
DA:52,1
DA:53,1
LF:53
LH:53
BRDA:3,0,0,74
BRDA:6,1,0,44
BRDA:6,2,0,30
BRDA:9,3,0,54
BRDA:10,4,0,14
BRDA:16,5,0,40
BRDA:13,6,0,18
BRDA:20,7,0,2
BRDA:21,8,0,36
BRDA:22,9,0,10
BRDA:26,10,0,26
BRDA:27,11,0,4
BRDA:31,12,0,22
BRDA:32,13,0,6
BRDA:36,14,0,16
BRDA:37,15,0,8
BRDA:45,16,0,28
BRDA:48,17,0,8
BRF:18
BRH:18
end_of_record
